<?xml version="1.0" encoding="UTF-8"?>
<testng-results ignored="0" total="2" passed="2" failed="0" skipped="0">
  <reporter-output>
  </reporter-output>
  <suite started-at="2022-03-16T10:43:32Z" name="Suite" finished-at="2022-03-16T10:43:32Z" duration-ms="143">
    <groups>
    </groups>
    <test started-at="2022-03-16T10:43:32Z" name="Test" finished-at="2022-03-16T10:43:32Z" duration-ms="143">
      <class name="Acadamy.Maven.java.SeleniumTest">
        <test-method signature="MavenrunTest()[pri:0, instance:Acadamy.Maven.java.SeleniumTest@69e153c5]" started-at="2022-03-16T16:13:32Z" name="MavenrunTest" finished-at="2022-03-16T16:13:32Z" duration-ms="40" status="PASS">
          <reporter-output>
          </reporter-output>
        </test-method> <!-- MavenrunTest -->
      </class> <!-- Acadamy.Maven.java.SeleniumTest -->
      <class name="Acadamy.Maven.java.RestApiTest">
        <test-method signature="MavenruningTest()[pri:0, instance:Acadamy.Maven.java.RestApiTest@17f62e33]" started-at="2022-03-16T16:13:32Z" name="MavenruningTest" finished-at="2022-03-16T16:13:32Z" duration-ms="0" status="PASS">
          <reporter-output>
          </reporter-output>
        </test-method> <!-- MavenruningTest -->
      </class> <!-- Acadamy.Maven.java.RestApiTest -->
    </test> <!-- Test -->
  </suite> <!-- Suite -->
</testng-results>
